2018-12-18 20:13:11 -> System.Xml.XPath.XPathException: “//img]”具有无效的标记。
   在 MS.Internal.Xml.XPath.XPathParser.ParseXPathExpresion(String xpathExpresion)
   在 System.Xml.XPath.XPathExpression.Compile(String xpath, IXmlNamespaceResolver nsResolver)
   在 System.Xml.XPath.XPathNavigator.Select(String xpath)
   在 HtmlAgilityPack.HtmlNode.SelectNodes(String xpath)
   在 ArticleConversionTool.Form1.WordToHtm(String wordPath, String oldFolder, String wordTitle, List`1 imgPathList) 位置 E:\Private\ArticleConversionTool\ArticleConversionTool\ArticleConversionTool\Form1.cs:行号 489
   在 ArticleConversionTool.Form1.DealWord() 位置 E:\Private\ArticleConversionTool\ArticleConversionTool\ArticleConversionTool\Form1.cs:行号 407
2018-12-18 20:13:11 -> System.Xml.XPath.XPathException: “//img]”具有无效的标记。
   在 MS.Internal.Xml.XPath.XPathParser.ParseXPathExpresion(String xpathExpresion)
   在 System.Xml.XPath.XPathExpression.Compile(String xpath, IXmlNamespaceResolver nsResolver)
   在 System.Xml.XPath.XPathNavigator.Select(String xpath)
   在 HtmlAgilityPack.HtmlNode.SelectNodes(String xpath)
   在 ArticleConversionTool.Form1.WordToHtm(String wordPath, String oldFolder, String wordTitle, List`1 imgPathList) 位置 E:\Private\ArticleConversionTool\ArticleConversionTool\ArticleConversionTool\Form1.cs:行号 489
   在 ArticleConversionTool.Form1.DealWord() 位置 E:\Private\ArticleConversionTool\ArticleConversionTool\ArticleConversionTool\Form1.cs:行号 407
2018-12-18 20:13:11 -> System.Xml.XPath.XPathException: “//img]”具有无效的标记。
   在 MS.Internal.Xml.XPath.XPathParser.ParseXPathExpresion(String xpathExpresion)
   在 System.Xml.XPath.XPathExpression.Compile(String xpath, IXmlNamespaceResolver nsResolver)
   在 System.Xml.XPath.XPathNavigator.Select(String xpath)
   在 HtmlAgilityPack.HtmlNode.SelectNodes(String xpath)
   在 ArticleConversionTool.Form1.WordToHtm(String wordPath, String oldFolder, String wordTitle, List`1 imgPathList) 位置 E:\Private\ArticleConversionTool\ArticleConversionTool\ArticleConversionTool\Form1.cs:行号 489
   在 ArticleConversionTool.Form1.DealWord() 位置 E:\Private\ArticleConversionTool\ArticleConversionTool\ArticleConversionTool\Form1.cs:行号 407
2018-12-18 20:13:11 -> System.Xml.XPath.XPathException: “//img]”具有无效的标记。
   在 MS.Internal.Xml.XPath.XPathParser.ParseXPathExpresion(String xpathExpresion)
   在 System.Xml.XPath.XPathExpression.Compile(String xpath, IXmlNamespaceResolver nsResolver)
   在 System.Xml.XPath.XPathNavigator.Select(String xpath)
   在 HtmlAgilityPack.HtmlNode.SelectNodes(String xpath)
   在 ArticleConversionTool.Form1.WordToHtm(String wordPath, String oldFolder, String wordTitle, List`1 imgPathList) 位置 E:\Private\ArticleConversionTool\ArticleConversionTool\ArticleConversionTool\Form1.cs:行号 489
   在 ArticleConversionTool.Form1.DealWord() 位置 E:\Private\ArticleConversionTool\ArticleConversionTool\ArticleConversionTool\Form1.cs:行号 407
2018-12-18 20:13:11 -> System.Xml.XPath.XPathException: “//img]”具有无效的标记。
   在 MS.Internal.Xml.XPath.XPathParser.ParseXPathExpresion(String xpathExpresion)
   在 System.Xml.XPath.XPathExpression.Compile(String xpath, IXmlNamespaceResolver nsResolver)
   在 System.Xml.XPath.XPathNavigator.Select(String xpath)
   在 HtmlAgilityPack.HtmlNode.SelectNodes(String xpath)
   在 ArticleConversionTool.Form1.WordToHtm(String wordPath, String oldFolder, String wordTitle, List`1 imgPathList) 位置 E:\Private\ArticleConversionTool\ArticleConversionTool\ArticleConversionTool\Form1.cs:行号 489
   在 ArticleConversionTool.Form1.DealWord() 位置 E:\Private\ArticleConversionTool\ArticleConversionTool\ArticleConversionTool\Form1.cs:行号 407
2018-12-18 20:13:11 -> System.Xml.XPath.XPathException: “//img]”具有无效的标记。
   在 MS.Internal.Xml.XPath.XPathParser.ParseXPathExpresion(String xpathExpresion)
   在 System.Xml.XPath.XPathExpression.Compile(String xpath, IXmlNamespaceResolver nsResolver)
   在 System.Xml.XPath.XPathNavigator.Select(String xpath)
   在 HtmlAgilityPack.HtmlNode.SelectNodes(String xpath)
   在 ArticleConversionTool.Form1.WordToHtm(String wordPath, String oldFolder, String wordTitle, List`1 imgPathList) 位置 E:\Private\ArticleConversionTool\ArticleConversionTool\ArticleConversionTool\Form1.cs:行号 489
   在 ArticleConversionTool.Form1.DealWord() 位置 E:\Private\ArticleConversionTool\ArticleConversionTool\ArticleConversionTool\Form1.cs:行号 407
2018-12-18 20:13:11 -> System.Xml.XPath.XPathException: “//img]”具有无效的标记。
   在 MS.Internal.Xml.XPath.XPathParser.ParseXPathExpresion(String xpathExpresion)
   在 System.Xml.XPath.XPathExpression.Compile(String xpath, IXmlNamespaceResolver nsResolver)
   在 System.Xml.XPath.XPathNavigator.Select(String xpath)
   在 HtmlAgilityPack.HtmlNode.SelectNodes(String xpath)
   在 ArticleConversionTool.Form1.WordToHtm(String wordPath, String oldFolder, String wordTitle, List`1 imgPathList) 位置 E:\Private\ArticleConversionTool\ArticleConversionTool\ArticleConversionTool\Form1.cs:行号 489
   在 ArticleConversionTool.Form1.DealWord() 位置 E:\Private\ArticleConversionTool\ArticleConversionTool\ArticleConversionTool\Form1.cs:行号 407
2018-12-18 20:13:11 -> System.Xml.XPath.XPathException: “//img]”具有无效的标记。
   在 MS.Internal.Xml.XPath.XPathParser.ParseXPathExpresion(String xpathExpresion)
   在 System.Xml.XPath.XPathExpression.Compile(String xpath, IXmlNamespaceResolver nsResolver)
   在 System.Xml.XPath.XPathNavigator.Select(String xpath)
   在 HtmlAgilityPack.HtmlNode.SelectNodes(String xpath)
   在 ArticleConversionTool.Form1.WordToHtm(String wordPath, String oldFolder, String wordTitle, List`1 imgPathList) 位置 E:\Private\ArticleConversionTool\ArticleConversionTool\ArticleConversionTool\Form1.cs:行号 489
   在 ArticleConversionTool.Form1.DealWord() 位置 E:\Private\ArticleConversionTool\ArticleConversionTool\ArticleConversionTool\Form1.cs:行号 407
2018-12-18 20:13:11 -> System.Xml.XPath.XPathException: “//img]”具有无效的标记。
   在 MS.Internal.Xml.XPath.XPathParser.ParseXPathExpresion(String xpathExpresion)
   在 System.Xml.XPath.XPathExpression.Compile(String xpath, IXmlNamespaceResolver nsResolver)
   在 System.Xml.XPath.XPathNavigator.Select(String xpath)
   在 HtmlAgilityPack.HtmlNode.SelectNodes(String xpath)
   在 ArticleConversionTool.Form1.WordToHtm(String wordPath, String oldFolder, String wordTitle, List`1 imgPathList) 位置 E:\Private\ArticleConversionTool\ArticleConversionTool\ArticleConversionTool\Form1.cs:行号 489
   在 ArticleConversionTool.Form1.DealWord() 位置 E:\Private\ArticleConversionTool\ArticleConversionTool\ArticleConversionTool\Form1.cs:行号 407
2018-12-18 20:29:46 -> System.Xml.XPath.XPathException: “//img]”具有无效的标记。
   在 MS.Internal.Xml.XPath.XPathParser.ParseXPathExpresion(String xpathExpresion)
   在 System.Xml.XPath.XPathExpression.Compile(String xpath, IXmlNamespaceResolver nsResolver)
   在 System.Xml.XPath.XPathNavigator.Select(String xpath)
   在 HtmlAgilityPack.HtmlNode.SelectNodes(String xpath)
   在 ArticleConversionTool.Form1.WordToHtm(String wordPath, String oldFolder, String wordTitle, List`1 imgPathList) 位置 E:\Private\ArticleConversionTool\ArticleConversionTool\ArticleConversionTool\Form1.cs:行号 490
   在 ArticleConversionTool.Form1.DealWord() 位置 E:\Private\ArticleConversionTool\ArticleConversionTool\ArticleConversionTool\Form1.cs:行号 408
2018-12-18 20:31:38 -> System.ArgumentOutOfRangeException: 索引超出范围。必须为非负值并小于集合大小。
参数名: index
   在 System.ThrowHelper.ThrowArgumentOutOfRangeException(ExceptionArgument argument, ExceptionResource resource)
   在 HtmlAgilityPack.HtmlNodeCollection.get_Item(Int32 index)
   在 ArticleConversionTool.Form1.WordToHtm(String wordPath, String oldFolder, String wordTitle, List`1 imgPathList) 位置 E:\Private\ArticleConversionTool\ArticleConversionTool\ArticleConversionTool\Form1.cs:行号 500
   在 ArticleConversionTool.Form1.DealWord() 位置 E:\Private\ArticleConversionTool\ArticleConversionTool\ArticleConversionTool\Form1.cs:行号 408
2018-12-18 20:31:38 -> System.ArgumentOutOfRangeException: 索引超出范围。必须为非负值并小于集合大小。
参数名: index
   在 System.ThrowHelper.ThrowArgumentOutOfRangeException(ExceptionArgument argument, ExceptionResource resource)
   在 HtmlAgilityPack.HtmlNodeCollection.get_Item(Int32 index)
   在 ArticleConversionTool.Form1.WordToHtm(String wordPath, String oldFolder, String wordTitle, List`1 imgPathList) 位置 E:\Private\ArticleConversionTool\ArticleConversionTool\ArticleConversionTool\Form1.cs:行号 500
   在 ArticleConversionTool.Form1.DealWord() 位置 E:\Private\ArticleConversionTool\ArticleConversionTool\ArticleConversionTool\Form1.cs:行号 408
2018-12-18 20:31:38 -> System.ArgumentOutOfRangeException: 索引超出范围。必须为非负值并小于集合大小。
参数名: index
   在 System.ThrowHelper.ThrowArgumentOutOfRangeException(ExceptionArgument argument, ExceptionResource resource)
   在 HtmlAgilityPack.HtmlNodeCollection.get_Item(Int32 index)
   在 ArticleConversionTool.Form1.WordToHtm(String wordPath, String oldFolder, String wordTitle, List`1 imgPathList) 位置 E:\Private\ArticleConversionTool\ArticleConversionTool\ArticleConversionTool\Form1.cs:行号 500
   在 ArticleConversionTool.Form1.DealWord() 位置 E:\Private\ArticleConversionTool\ArticleConversionTool\ArticleConversionTool\Form1.cs:行号 408
2018-12-18 20:31:38 -> System.ArgumentOutOfRangeException: 索引超出范围。必须为非负值并小于集合大小。
参数名: index
   在 System.ThrowHelper.ThrowArgumentOutOfRangeException(ExceptionArgument argument, ExceptionResource resource)
   在 HtmlAgilityPack.HtmlNodeCollection.get_Item(Int32 index)
   在 ArticleConversionTool.Form1.WordToHtm(String wordPath, String oldFolder, String wordTitle, List`1 imgPathList) 位置 E:\Private\ArticleConversionTool\ArticleConversionTool\ArticleConversionTool\Form1.cs:行号 500
   在 ArticleConversionTool.Form1.DealWord() 位置 E:\Private\ArticleConversionTool\ArticleConversionTool\ArticleConversionTool\Form1.cs:行号 408
2018-12-18 20:31:38 -> System.ArgumentOutOfRangeException: 索引超出范围。必须为非负值并小于集合大小。
参数名: index
   在 System.ThrowHelper.ThrowArgumentOutOfRangeException(ExceptionArgument argument, ExceptionResource resource)
   在 HtmlAgilityPack.HtmlNodeCollection.get_Item(Int32 index)
   在 ArticleConversionTool.Form1.WordToHtm(String wordPath, String oldFolder, String wordTitle, List`1 imgPathList) 位置 E:\Private\ArticleConversionTool\ArticleConversionTool\ArticleConversionTool\Form1.cs:行号 500
   在 ArticleConversionTool.Form1.DealWord() 位置 E:\Private\ArticleConversionTool\ArticleConversionTool\ArticleConversionTool\Form1.cs:行号 408
2018-12-18 20:31:39 -> System.ArgumentOutOfRangeException: 索引超出范围。必须为非负值并小于集合大小。
参数名: index
   在 System.ThrowHelper.ThrowArgumentOutOfRangeException(ExceptionArgument argument, ExceptionResource resource)
   在 HtmlAgilityPack.HtmlNodeCollection.get_Item(Int32 index)
   在 ArticleConversionTool.Form1.WordToHtm(String wordPath, String oldFolder, String wordTitle, List`1 imgPathList) 位置 E:\Private\ArticleConversionTool\ArticleConversionTool\ArticleConversionTool\Form1.cs:行号 500
   在 ArticleConversionTool.Form1.DealWord() 位置 E:\Private\ArticleConversionTool\ArticleConversionTool\ArticleConversionTool\Form1.cs:行号 408
2018-12-18 20:31:39 -> System.ArgumentOutOfRangeException: 索引超出范围。必须为非负值并小于集合大小。
参数名: index
   在 System.ThrowHelper.ThrowArgumentOutOfRangeException(ExceptionArgument argument, ExceptionResource resource)
   在 HtmlAgilityPack.HtmlNodeCollection.get_Item(Int32 index)
   在 ArticleConversionTool.Form1.WordToHtm(String wordPath, String oldFolder, String wordTitle, List`1 imgPathList) 位置 E:\Private\ArticleConversionTool\ArticleConversionTool\ArticleConversionTool\Form1.cs:行号 500
   在 ArticleConversionTool.Form1.DealWord() 位置 E:\Private\ArticleConversionTool\ArticleConversionTool\ArticleConversionTool\Form1.cs:行号 408
2018-12-18 20:39:07 -> System.NullReferenceException: 未将对象引用设置到对象的实例。
   在 ArticleConversionTool.Form1.WordToHtm(String wordPath, String oldFolder, String wordTitle, List`1 imgPathList) 位置 E:\Private\ArticleConversionTool\ArticleConversionTool\ArticleConversionTool\Form1.cs:行号 501
   在 ArticleConversionTool.Form1.DealWord() 位置 E:\Private\ArticleConversionTool\ArticleConversionTool\ArticleConversionTool\Form1.cs:行号 408
2018-12-18 20:39:08 -> System.NullReferenceException: 未将对象引用设置到对象的实例。
   在 ArticleConversionTool.Form1.WordToHtm(String wordPath, String oldFolder, String wordTitle, List`1 imgPathList) 位置 E:\Private\ArticleConversionTool\ArticleConversionTool\ArticleConversionTool\Form1.cs:行号 501
   在 ArticleConversionTool.Form1.DealWord() 位置 E:\Private\ArticleConversionTool\ArticleConversionTool\ArticleConversionTool\Form1.cs:行号 408
2018-12-18 20:39:08 -> System.NullReferenceException: 未将对象引用设置到对象的实例。
   在 ArticleConversionTool.Form1.WordToHtm(String wordPath, String oldFolder, String wordTitle, List`1 imgPathList) 位置 E:\Private\ArticleConversionTool\ArticleConversionTool\ArticleConversionTool\Form1.cs:行号 501
   在 ArticleConversionTool.Form1.DealWord() 位置 E:\Private\ArticleConversionTool\ArticleConversionTool\ArticleConversionTool\Form1.cs:行号 408
2018-12-18 20:39:08 -> System.NullReferenceException: 未将对象引用设置到对象的实例。
   在 ArticleConversionTool.Form1.WordToHtm(String wordPath, String oldFolder, String wordTitle, List`1 imgPathList) 位置 E:\Private\ArticleConversionTool\ArticleConversionTool\ArticleConversionTool\Form1.cs:行号 501
   在 ArticleConversionTool.Form1.DealWord() 位置 E:\Private\ArticleConversionTool\ArticleConversionTool\ArticleConversionTool\Form1.cs:行号 408
2018-12-18 20:39:08 -> System.NullReferenceException: 未将对象引用设置到对象的实例。
   在 ArticleConversionTool.Form1.WordToHtm(String wordPath, String oldFolder, String wordTitle, List`1 imgPathList) 位置 E:\Private\ArticleConversionTool\ArticleConversionTool\ArticleConversionTool\Form1.cs:行号 501
   在 ArticleConversionTool.Form1.DealWord() 位置 E:\Private\ArticleConversionTool\ArticleConversionTool\ArticleConversionTool\Form1.cs:行号 408
2018-12-18 20:39:08 -> System.NullReferenceException: 未将对象引用设置到对象的实例。
   在 ArticleConversionTool.Form1.WordToHtm(String wordPath, String oldFolder, String wordTitle, List`1 imgPathList) 位置 E:\Private\ArticleConversionTool\ArticleConversionTool\ArticleConversionTool\Form1.cs:行号 501
   在 ArticleConversionTool.Form1.DealWord() 位置 E:\Private\ArticleConversionTool\ArticleConversionTool\ArticleConversionTool\Form1.cs:行号 408
2018-12-18 20:39:08 -> System.NullReferenceException: 未将对象引用设置到对象的实例。
   在 ArticleConversionTool.Form1.WordToHtm(String wordPath, String oldFolder, String wordTitle, List`1 imgPathList) 位置 E:\Private\ArticleConversionTool\ArticleConversionTool\ArticleConversionTool\Form1.cs:行号 501
   在 ArticleConversionTool.Form1.DealWord() 位置 E:\Private\ArticleConversionTool\ArticleConversionTool\ArticleConversionTool\Form1.cs:行号 408
